<?xml version="1.0" encoding="UTF-8"?>
<testsuite xmlns:xsi="http://www.w3.org/2001/XMLSchema-instance" xsi:noNamespaceSchemaLocation="https://maven.apache.org/surefire/maven-surefire-plugin/xsd/surefire-test-report-3.0.xsd" version="3.0" name="TestSuite" time="34.745" tests="3" errors="0" skipped="0" failures="0">
  <properties>
[...]
</properties>
  <testcase name="titleValidation" classname="piyush.E2EFrameworkProject_Section29.TitleValidationTest" time="0.071">
    <system-out><![CDATA[[TestNGContentHandler] [WARN] It is strongly recommended to add "<!DOCTYPE suite SYSTEM "http://testng.org/testng-1.0.dtd" >" at the top of your file, otherwise TestNG may fail or not work as expected.
]]></system-out>
    <system-err><![CDATA[Starting ChromeDriver 87.0.4280.88 (89e2380a3e36c3464b5dd1302349b1382549290d-refs/branch-heads/4280@{#1761}) on port 43994
Only local connections are allowed.
Please see https://chromedriver.chromium.org/security-considerations for suggestions on keeping ChromeDriver safe.
Starting ChromCheDrroimevDerr iv87er .wa0s .s4t2a8r0t.e8d8 ( 8su9cec2es3s8f0ulaly3.e3
6c3464b5dd1302349b1382549290d-refs/branch-heads/4280@{#1761}) on port 29809
Only local connections are allowed.
Please see https://chromedriver.chromium.org/security-considerations for suggestions on keeping ChromeDriver safe.
ChromeDriver was started successfully.
[1612862950.526][WARNING]: This version of ChromeDriver has not been tested with Chrome version 88.
[1612862950.799][WARNING]: This version of ChromeDriver has not been tested with Chrome version 88.
Feb 09, 2021 2:59:12 PM org.openqa.selenium.remote.ProtocolHandshake createSession
INFO: Detected dialect: W3C
Feb 09, 2021 2:59:12 PM org.openqa.selenium.remote.ProtocolHandshake createSession
INFO: Detected dialect: W3C
]]></system-err>
  </testcase>
  <testcase name="basePageNavigation[username@gmail.com, password](1)" classname="piyush.E2EFrameworkProject_Section29.HomePageTest" time="2.728"/>
  <testcase name="basePageNavigation[newusername@gmail.com, newPassword](2)" classname="piyush.E2EFrameworkProject_Section29.HomePageTest" time="8.97"/>
</testsuite>