<?xml version="1.0" encoding="UTF-8"?>
<testng-results skipped="0" failed="0" ignored="0" total="1" passed="1">
  <reporter-output>
  </reporter-output>
  <suite name="Default suite" duration-ms="12468" started-at="2021-02-09T12:48:35 IST" finished-at="2021-02-09T12:48:47 IST">
    <groups>
    </groups>
    <test name="Default test" duration-ms="12468" started-at="2021-02-09T12:48:35 IST" finished-at="2021-02-09T12:48:47 IST">
      <class name="piyush.E2EFrameworkProject_Section29.TitleValidationTest">
        <test-method status="PASS" signature="initialize()[pri:0, instance:piyush.E2EFrameworkProject_Section29.TitleValidationTest@7a675056]" name="initialize" is-config="true" duration-ms="11553" started-at="2021-02-09T12:48:35 IST" finished-at="2021-02-09T12:48:46 IST">
          <reporter-output>
          </reporter-output>
        </test-method> <!-- initialize -->
        <test-method status="PASS" signature="titleValidation()[pri:0, instance:piyush.E2EFrameworkProject_Section29.TitleValidationTest@7a675056]" name="titleValidation" duration-ms="63" started-at="2021-02-09T12:48:46 IST" finished-at="2021-02-09T12:48:46 IST">
          <reporter-output>
          </reporter-output>
        </test-method> <!-- titleValidation -->
        <test-method status="PASS" signature="close()[pri:0, instance:piyush.E2EFrameworkProject_Section29.TitleValidationTest@7a675056]" name="close" is-config="true" duration-ms="785" started-at="2021-02-09T12:48:46 IST" finished-at="2021-02-09T12:48:47 IST">
          <reporter-output>
          </reporter-output>
        </test-method> <!-- close -->
      </class> <!-- piyush.E2EFrameworkProject_Section29.TitleValidationTest -->
    </test> <!-- Default test -->
  </suite> <!-- Default suite -->
</testng-results>
