<?xml version="1.0" encoding="UTF-8"?>
<!-- Generated by org.testng.reporters.JUnitXMLReporter -->
<testsuite hostname="LAPTOP-UJ85GF3T" ignored="0" name="HomePage" tests="2" failures="0" timestamp="2021-02-08T15:56:39 IST" time="53.82" errors="0">
  <testcase name="basePageNavigation" time="39.249" classname="piyush.E2EFrameworkProject_Section29.HomePageTest"/>
  <testcase name="basePageNavigation" time="4.08" classname="piyush.E2EFrameworkProject_Section29.HomePageTest"/>
</testsuite> <!-- HomePage -->
