<?xml version="1.0" encoding="UTF-8"?>
<!-- Generated by org.testng.reporters.JUnitXMLReporter -->
<testsuite hostname="LAPTOP-UJ85GF3T" ignored="0" name="HomePage" tests="2" failures="0" timestamp="09 Feb 2021 09:29:36 GMT" time="28.779" errors="0">
  <testcase name="basePageNavigation" time="11.47" classname="piyush.E2EFrameworkProject_Section29.HomePageTest"/>
  <testcase name="basePageNavigation" time="8.962" classname="piyush.E2EFrameworkProject_Section29.HomePageTest"/>
</testsuite> <!-- HomePage -->
